{"name":"checkLoginFeature","id":"testcases.LoginPageTest:checkLoginFeature","testCaseName":"testcases.LoginPageTest","testSteps":[{"number":1,"description":"Navigating to the gmail login page","duration":13907,"startTime":"2021-01-22T19:26:52.558+05:30[Asia/Calcutta]","screenshots":[{"screenshot":"368c3f8188de6e7ab8bd125cb81a41b8cf345aa8306d8ddc643c48afa8a0a3c1.png","timeStamp":1611323826463}],"result":"SUCCESS","precondition":false,"level":0},{"number":2,"description":"Entering the user name in the username field","duration":1948,"startTime":"2021-01-22T19:27:06.493+05:30[Asia/Calcutta]","screenshots":[{"screenshot":"fbf217dc322eba31c92c6daa9da97fe332f3263bee6a5cbec29067263a90e37c.png","timeStamp":1611323828440}],"result":"SUCCESS","precondition":false,"level":0},{"number":3,"description":"Click on next button","duration":1160,"startTime":"2021-01-22T19:27:08.442+05:30[Asia/Calcutta]","screenshots":[{"screenshot":"93150076f12c0fefd9569d9c7eb88dbccedc097666af2a292de174664cc37c15.png","timeStamp":1611323829602}],"result":"SUCCESS","precondition":false,"level":0},{"number":4,"description":"Enter password: password","duration":22159,"startTime":"2021-01-22T19:27:09.604+05:30[Asia/Calcutta]","screenshots":[{"screenshot":"f90fadb22dad010cd09cc1993c33a0fb06d0e9baeb4c4aebf30b3383322db4c3.png","htmlSource":"pagesource1693554515549497573.html.txt","timeStamp":1611323851738}],"exception":{"errorType":"net.thucydides.core.webdriver.exceptions.ElementShouldBeEnabledException","message":"Expected enabled element was not enabled","stackTrace":[{"declaringClass":"pages.LoginPage","methodName":"enterPasswordIntoPasswordField","fileName":"LoginPage.java","lineNumber":18},{"declaringClass":"steps.LoginPageStep","methodName":"enterPassword","fileName":"LoginPageStep.java","lineNumber":24},{"declaringClass":"testcases.LoginPageTest","methodName":"checkLoginFeature","fileName":"LoginPageTest.java","lineNumber":33}],"rootCause":{"errorType":"org.openqa.selenium.TimeoutException","message":"Expected condition failed: waiting for By.xpath: //*[@id\u003d\"password\"]/div[1]/div/div[1]/input to be enabled (tried for 20 second(s) with 100 milliseconds interval)","stackTrace":[{"declaringClass":"pages.LoginPage","methodName":"enterPasswordIntoPasswordField","fileName":"LoginPage.java","lineNumber":18},{"declaringClass":"steps.LoginPageStep","methodName":"enterPassword","fileName":"LoginPageStep.java","lineNumber":24},{"declaringClass":"testcases.LoginPageTest","methodName":"checkLoginFeature","fileName":"LoginPageTest.java","lineNumber":33}],"rootCause":{"errorType":"org.openqa.selenium.NoSuchElementException","message":"no such element: Unable to locate element: {\"method\":\"xpath\",\"selector\":\"//*[@id\u003d\"password\"]/div[1]/div/div[1]/input\"}\n  (Session info: chrome\u003d87.0.4280.141)\nFor documentation on this error, please visit: https://www.seleniumhq.org/exceptions/no_such_element.html\nBuild info: version: \u00273.141.59\u0027, revision: \u0027e82be7d358\u0027, time: \u00272018-11-14T08:17:03\u0027\nSystem info: host: \u00276KPDQ13-PC\u0027, ip: \u0027192.168.0.6\u0027, os.name: \u0027Windows 10\u0027, os.arch: \u0027amd64\u0027, os.version: \u002710.0\u0027, java.version: \u00271.8.0_271\u0027\nDriver info: org.openqa.selenium.chrome.ChromeDriver\nCapabilities {acceptInsecureCerts: false, browserName: chrome, browserVersion: 87.0.4280.141, chrome: {chromedriverVersion: 87.0.4280.88 (89e2380a3e36c..., userDataDir: C:\\Users\\ROHAN~1.SHA\\AppDat...}, goog:chromeOptions: {debuggerAddress: localhost:64506}, javascriptEnabled: true, networkConnectionEnabled: false, pageLoadStrategy: normal, platform: WINDOWS, platformName: WINDOWS, proxy: Proxy(), setWindowRect: true, strictFileInteractability: false, timeouts: {implicit: 0, pageLoad: 300000, script: 30000}, unhandledPromptBehavior: dismiss and notify, webauthn:virtualAuthenticators: true}\nSession ID: 07ccd26674aaea381d4875d95868c49f\n*** Element info: {Using\u003dxpath, value\u003d//*[@id\u003d\"password\"]/div[1]/div/div[1]/input}","stackTrace":[{"declaringClass":"pages.LoginPage","methodName":"enterPasswordIntoPasswordField","fileName":"LoginPage.java","lineNumber":18},{"declaringClass":"steps.LoginPageStep","methodName":"enterPassword","fileName":"LoginPageStep.java","lineNumber":24},{"declaringClass":"testcases.LoginPageTest","methodName":"checkLoginFeature","fileName":"LoginPageTest.java","lineNumber":33}]}}},"result":"FAILURE","precondition":false,"level":0},{"number":5,"description":"Click on submit","duration":3,"startTime":"2021-01-22T19:27:31.767+05:30[Asia/Calcutta]","result":"SKIPPED","precondition":false,"level":0}],"userStory":{"id":"testcases.LoginPageTest","storyName":"Login page test","storyClassName":"testcases.LoginPageTest","path":"testcases","type":"story"},"featureTag":{"name":"Testcases/Login page test","type":"story","displayName":"Testcases/Login page test"},"title":"Check login feature","tags":[{"name":"Testcases/Login page test","type":"story","displayName":"Testcases/Login page test"}],"startTime":"2021-01-22T19:26:52.424+05:30[Asia/Calcutta]","duration":39365,"testFailureCause":{"errorType":"net.thucydides.core.webdriver.exceptions.ElementShouldBeEnabledException","message":"Expected enabled element was not enabled\nBuild info: version: \u00273.141.59\u0027, revision: \u0027e82be7d358\u0027, time: \u00272018-11-14T08:17:03\u0027\nSystem info: host: \u00276KPDQ13-PC\u0027, ip: \u0027192.168.0.6\u0027, os.name: \u0027Windows 10\u0027, os.arch: \u0027amd64\u0027, os.version: \u002710.0\u0027, java.version: \u00271.8.0_271\u0027\nDriver info: driver.version: unknown","stackTrace":[{"declaringClass":"pages.LoginPage","methodName":"enterPasswordIntoPasswordField","fileName":"LoginPage.java","lineNumber":18},{"declaringClass":"steps.LoginPageStep","methodName":"enterPassword","fileName":"LoginPageStep.java","lineNumber":24},{"declaringClass":"testcases.LoginPageTest","methodName":"checkLoginFeature","fileName":"LoginPageTest.java","lineNumber":33}]},"testFailureClassname":"net.thucydides.core.webdriver.exceptions.ElementShouldBeEnabledException","testFailureMessage":"Expected enabled element was not enabled\nBuild info: version: \u00273.141.59\u0027, revision: \u0027e82be7d358\u0027, time: \u00272018-11-14T08:17:03\u0027\nSystem info: host: \u00276KPDQ13-PC\u0027, ip: \u0027192.168.0.6\u0027, os.name: \u0027Windows 10\u0027, os.arch: \u0027amd64\u0027, os.version: \u002710.0\u0027, java.version: \u00271.8.0_271\u0027\nDriver info: driver.version: unknown","testFailureSummary":"FAILURE;net.thucydides.core.webdriver.exceptions.ElementShouldBeEnabledException;Expected enabled element was not enabled\nBuild info: version: \u00273.141.59\u0027, revision: \u0027e82be7d358\u0027, time: \u00272018-11-14T08:17:03\u0027\nSystem info: host: \u00276KPDQ13-PC\u0027, ip: \u0027192.168.0.6\u0027, os.name: \u0027Windows 10\u0027, os.arch: \u0027amd64\u0027, os.version: \u002710.0\u0027, java.version: \u00271.8.0_271\u0027\nDriver info: driver.version: unknown;LoginPage.java","projectKey":"","annotatedResult":"FAILURE","sessionId":"07ccd26674aaea381d4875d95868c49f","driver":"chrome","isManualTestingUpToDate":false,"manual":false,"testSource":"JUnit","result":"FAILURE"}