{"name":"hotelBookingTest1","id":"testcases.BookingHotelTest:hotelBookingTest1","testCaseName":"testcases.BookingHotelTest","testSteps":[{"number":1,"description":"Navigating to the booking.com website","duration":10725,"startTime":"2021-01-22T23:48:10.769337800+05:30[Asia/Calcutta]","screenshots":[{"screenshot":"22e583a213e8e2e3ae836d9afdfb05b020d62b938fee52b3e1e3133d43aaf242.png","timeStamp":1611339501494}],"result":"SUCCESS","precondition":false,"level":0},{"number":2,"description":"Search for the location as ooty","duration":30748,"startTime":"2021-01-22T23:48:21.499529500+05:30[Asia/Calcutta]","screenshots":[{"screenshot":"334e14afd3e3c244892c3af546f2c72272e7d74832425e29eeb1f2840708acfe.png","htmlSource":"pagesource11598687303631574489.html.txt","timeStamp":1611339532239}],"exception":{"errorType":"net.thucydides.core.webdriver.exceptions.ElementShouldBeEnabledException","message":"Expected enabled element was not enabled","stackTrace":[{"classLoaderName":"app","declaringClass":"pages.BookingPage","methodName":"searchWithLocation","fileName":"BookingPage.java","lineNumber":13,"format":1},{"classLoaderName":"app","declaringClass":"steps.BookingHotelSteps","methodName":"selectLocationAs","fileName":"BookingHotelSteps.java","lineNumber":17,"format":1},{"classLoaderName":"app","declaringClass":"testcases.BookingHotelTest","methodName":"hotelBookingTest1","fileName":"BookingHotelTest.java","lineNumber":30,"format":1},{"classLoaderName":"app","declaringClass":"org.eclipse.jdt.internal.junit4.runner.JUnit4TestReference","methodName":"run","fileName":"JUnit4TestReference.java","lineNumber":89,"format":1},{"classLoaderName":"app","declaringClass":"org.eclipse.jdt.internal.junit.runner.TestExecution","methodName":"run","fileName":"TestExecution.java","lineNumber":41,"format":1},{"classLoaderName":"app","declaringClass":"org.eclipse.jdt.internal.junit.runner.RemoteTestRunner","methodName":"runTests","fileName":"RemoteTestRunner.java","lineNumber":542,"format":1},{"classLoaderName":"app","declaringClass":"org.eclipse.jdt.internal.junit.runner.RemoteTestRunner","methodName":"runTests","fileName":"RemoteTestRunner.java","lineNumber":770,"format":1},{"classLoaderName":"app","declaringClass":"org.eclipse.jdt.internal.junit.runner.RemoteTestRunner","methodName":"run","fileName":"RemoteTestRunner.java","lineNumber":464,"format":1},{"classLoaderName":"app","declaringClass":"org.eclipse.jdt.internal.junit.runner.RemoteTestRunner","methodName":"main","fileName":"RemoteTestRunner.java","lineNumber":210,"format":1}],"rootCause":{"errorType":"org.openqa.selenium.TimeoutException","message":"Expected condition failed: waiting for BookingPage.locationSearchField to be enabled (tried for 20 second(s) with 100 milliseconds interval)","stackTrace":[{"classLoaderName":"app","declaringClass":"pages.BookingPage","methodName":"searchWithLocation","fileName":"BookingPage.java","lineNumber":13,"format":1},{"classLoaderName":"app","declaringClass":"steps.BookingHotelSteps","methodName":"selectLocationAs","fileName":"BookingHotelSteps.java","lineNumber":17,"format":1},{"classLoaderName":"app","declaringClass":"testcases.BookingHotelTest","methodName":"hotelBookingTest1","fileName":"BookingHotelTest.java","lineNumber":30,"format":1},{"classLoaderName":"app","declaringClass":"org.eclipse.jdt.internal.junit4.runner.JUnit4TestReference","methodName":"run","fileName":"JUnit4TestReference.java","lineNumber":89,"format":1},{"classLoaderName":"app","declaringClass":"org.eclipse.jdt.internal.junit.runner.TestExecution","methodName":"run","fileName":"TestExecution.java","lineNumber":41,"format":1},{"classLoaderName":"app","declaringClass":"org.eclipse.jdt.internal.junit.runner.RemoteTestRunner","methodName":"runTests","fileName":"RemoteTestRunner.java","lineNumber":542,"format":1},{"classLoaderName":"app","declaringClass":"org.eclipse.jdt.internal.junit.runner.RemoteTestRunner","methodName":"runTests","fileName":"RemoteTestRunner.java","lineNumber":770,"format":1},{"classLoaderName":"app","declaringClass":"org.eclipse.jdt.internal.junit.runner.RemoteTestRunner","methodName":"run","fileName":"RemoteTestRunner.java","lineNumber":464,"format":1},{"classLoaderName":"app","declaringClass":"org.eclipse.jdt.internal.junit.runner.RemoteTestRunner","methodName":"main","fileName":"RemoteTestRunner.java","lineNumber":210,"format":1}],"rootCause":{"errorType":"org.openqa.selenium.NoSuchElementException","message":"Timed out after 10 seconds. Element not found\nFor documentation on this error, please visit: https://www.seleniumhq.org/exceptions/no_such_element.html\nBuild info: version: \u00273.141.59\u0027, revision: \u0027e82be7d358\u0027, time: \u00272018-11-14T08:17:03\u0027\nSystem info: host: \u00276KPDQ13-PC\u0027, ip: \u0027192.168.0.6\u0027, os.name: \u0027Windows 10\u0027, os.arch: \u0027amd64\u0027, os.version: \u002710.0\u0027, java.version: \u002714.0.2\u0027\nDriver info: driver.version: unknown","stackTrace":[{"classLoaderName":"app","declaringClass":"pages.BookingPage","methodName":"searchWithLocation","fileName":"BookingPage.java","lineNumber":13,"format":1},{"classLoaderName":"app","declaringClass":"steps.BookingHotelSteps","methodName":"selectLocationAs","fileName":"BookingHotelSteps.java","lineNumber":17,"format":1},{"classLoaderName":"app","declaringClass":"testcases.BookingHotelTest","methodName":"hotelBookingTest1","fileName":"BookingHotelTest.java","lineNumber":30,"format":1},{"classLoaderName":"app","declaringClass":"org.eclipse.jdt.internal.junit4.runner.JUnit4TestReference","methodName":"run","fileName":"JUnit4TestReference.java","lineNumber":89,"format":1},{"classLoaderName":"app","declaringClass":"org.eclipse.jdt.internal.junit.runner.TestExecution","methodName":"run","fileName":"TestExecution.java","lineNumber":41,"format":1},{"classLoaderName":"app","declaringClass":"org.eclipse.jdt.internal.junit.runner.RemoteTestRunner","methodName":"runTests","fileName":"RemoteTestRunner.java","lineNumber":542,"format":1},{"classLoaderName":"app","declaringClass":"org.eclipse.jdt.internal.junit.runner.RemoteTestRunner","methodName":"runTests","fileName":"RemoteTestRunner.java","lineNumber":770,"format":1},{"classLoaderName":"app","declaringClass":"org.eclipse.jdt.internal.junit.runner.RemoteTestRunner","methodName":"run","fileName":"RemoteTestRunner.java","lineNumber":464,"format":1},{"classLoaderName":"app","declaringClass":"org.eclipse.jdt.internal.junit.runner.RemoteTestRunner","methodName":"main","fileName":"RemoteTestRunner.java","lineNumber":210,"format":1}]}}},"result":"FAILURE","precondition":false,"level":0}],"userStory":{"id":"testcases.BookingHotelTest","storyName":"Booking hotel test","storyClassName":"testcases.BookingHotelTest","path":"testcases","type":"story"},"featureTag":{"name":"Testcases/Booking hotel test","type":"story","displayName":"Testcases/Booking hotel test"},"title":"To Book a hotel using the Bookings.com website","tags":[{"name":"Testcases/Booking hotel test","type":"story","displayName":"Testcases/Booking hotel test"}],"startTime":"2021-01-22T23:48:10.697876400+05:30[Asia/Calcutta]","duration":41565,"testFailureCause":{"errorType":"net.thucydides.core.webdriver.exceptions.ElementShouldBeEnabledException","message":"Expected enabled element was not enabled\nBuild info: version: \u00273.141.59\u0027, revision: \u0027e82be7d358\u0027, time: \u00272018-11-14T08:17:03\u0027\nSystem info: host: \u00276KPDQ13-PC\u0027, ip: \u0027192.168.0.6\u0027, os.name: \u0027Windows 10\u0027, os.arch: \u0027amd64\u0027, os.version: \u002710.0\u0027, java.version: \u002714.0.2\u0027\nDriver info: driver.version: unknown","stackTrace":[{"classLoaderName":"app","declaringClass":"pages.BookingPage","methodName":"searchWithLocation","fileName":"BookingPage.java","lineNumber":13,"format":1},{"classLoaderName":"app","declaringClass":"steps.BookingHotelSteps","methodName":"selectLocationAs","fileName":"BookingHotelSteps.java","lineNumber":17,"format":1},{"classLoaderName":"app","declaringClass":"testcases.BookingHotelTest","methodName":"hotelBookingTest1","fileName":"BookingHotelTest.java","lineNumber":30,"format":1},{"classLoaderName":"app","declaringClass":"org.eclipse.jdt.internal.junit4.runner.JUnit4TestReference","methodName":"run","fileName":"JUnit4TestReference.java","lineNumber":89,"format":1},{"classLoaderName":"app","declaringClass":"org.eclipse.jdt.internal.junit.runner.TestExecution","methodName":"run","fileName":"TestExecution.java","lineNumber":41,"format":1},{"classLoaderName":"app","declaringClass":"org.eclipse.jdt.internal.junit.runner.RemoteTestRunner","methodName":"runTests","fileName":"RemoteTestRunner.java","lineNumber":542,"format":1},{"classLoaderName":"app","declaringClass":"org.eclipse.jdt.internal.junit.runner.RemoteTestRunner","methodName":"runTests","fileName":"RemoteTestRunner.java","lineNumber":770,"format":1},{"classLoaderName":"app","declaringClass":"org.eclipse.jdt.internal.junit.runner.RemoteTestRunner","methodName":"run","fileName":"RemoteTestRunner.java","lineNumber":464,"format":1},{"classLoaderName":"app","declaringClass":"org.eclipse.jdt.internal.junit.runner.RemoteTestRunner","methodName":"main","fileName":"RemoteTestRunner.java","lineNumber":210,"format":1}]},"testFailureClassname":"net.thucydides.core.webdriver.exceptions.ElementShouldBeEnabledException","testFailureMessage":"Expected enabled element was not enabled\nBuild info: version: \u00273.141.59\u0027, revision: \u0027e82be7d358\u0027, time: \u00272018-11-14T08:17:03\u0027\nSystem info: host: \u00276KPDQ13-PC\u0027, ip: \u0027192.168.0.6\u0027, os.name: \u0027Windows 10\u0027, os.arch: \u0027amd64\u0027, os.version: \u002710.0\u0027, java.version: \u002714.0.2\u0027\nDriver info: driver.version: unknown","testFailureSummary":"FAILURE;net.thucydides.core.webdriver.exceptions.ElementShouldBeEnabledException;Expected enabled element was not enabled\nBuild info: version: \u00273.141.59\u0027, revision: \u0027e82be7d358\u0027, time: \u00272018-11-14T08:17:03\u0027\nSystem info: host: \u00276KPDQ13-PC\u0027, ip: \u0027192.168.0.6\u0027, os.name: \u0027Windows 10\u0027, os.arch: \u0027amd64\u0027, os.version: \u002710.0\u0027, java.version: \u002714.0.2\u0027\nDriver info: driver.version: unknown;BookingPage.java","projectKey":"","annotatedResult":"FAILURE","sessionId":"784f2c25b709ac26e3d9f923ff4b02ce","driver":"chrome","isManualTestingUpToDate":false,"manual":false,"testSource":"JUnit","result":"FAILURE"}